Mono path[0] = 'Z:/home/blackal/mnt/Data/LinuxSteamLibrary/steamapps/common/The Planet Crafter/Planet Crafter_Data/Managed'
Mono config path = 'Z:/home/blackal/mnt/Data/LinuxSteamLibrary/steamapps/common/The Planet Crafter/MonoBleedingEdge/etc'
[Physics::Module] Initialized MultithreadedJobDispatcher with 31 workers.
Initialize engine version: 2023.2.19f1 (95c298372b1e)
[Subsystems] Discovering subsystems at path Z:/home/blackal/mnt/Data/LinuxSteamLibrary/steamapps/common/The Planet Crafter/Planet Crafter_Data/UnitySubsystems
kGfxThreadingModeSplitJobs is not supported on Direct3D 11. Reverting to kGfxThreadingModeClientWorkerJobs instead.
GfxDevice: creating device client; kGfxThreadingModeClientWorkerJobs
Direct3D:
    Version:  Direct3D 11.0 [level 11.1]
    Renderer: NVIDIA GeForce RTX 4090 (ID=0x2684)
    Vendor:   NVIDIA
    VRAM:     24564 MB
    Driver:   31.0.21902.5
Begin MonoManager ReloadAssembly
- Loaded All Assemblies, in  0.086 seconds
- Finished resetting the current domain, in  0.001 seconds

Fixing BepInEx Logging
  BepInEx version   : 5.4.23.2
  Application       : Planet Crafter (1.105)
  Unity version     : 2023.2.19f1
  Runtime version   : Mono 6.13.0 (Visual Studio built mono)
  CLR version       : 4.0.30319.42000
  System & Platform : X64, Microsoft Windows NT 10.0.19043.0
  Processor         : AMD Ryzen 9 7950X3D 16-Core Processor  
  Cores & Memory    : 32 threads, 62 GB RAM
  Achievements      : Enabled

[Info   :   BepInEx] Loading [(Cheat) Inventory Stacking 1.0.1.32]
[Info   :(Cheat) Inventory Stacking] Plugin is loaded!
[Info   :(Cheat) Inventory Stacking] Mod akarnokd.theplanetcraftermods.cheatcraftfromnearbycontainers not found.
[Info   :(Cheat) Inventory Stacking] Mod valriz.theplanetcrafter.storagebuffer not found.
[Info   :   BepInEx] Loading [(Item) Rods 1.0.0.2]
[Info   :(Item) Rods] Plugin is enabled.
[Info   :(Item) Rods] Plugin is loaded!
[Info   :   BepInEx] Loading [(UI) Mod Config Menu 1.0.0.12]
[Info   :(UI) Mod Config Menu] Plugin is loaded!
[Info   :   BepInEx] Loading [Spawn Items 1.0.0]
[Message:   BepInEx] Chainloader startup complete
<RI> Initializing input.
New input system (experimental) initialized
Using Windows.Gaming.Input
<RI> Initialized touch support.
Couldn't create a Convex Mesh from source mesh "Hemisphere_01" within the maximum polygons limit (256). The partial hull will be used. Consider simplifying your mesh.
Couldn't create a Convex Mesh from source mesh "Biodome_02" within the maximum polygons limit (256). The partial hull will be used. Consider simplifying your mesh.
Couldn't create a Convex Mesh from source mesh "Reactor_05_Back" within the maximum polygons limit (256). The partial hull will be used. Consider simplifying your mesh.
Couldn't create a Convex Mesh from source mesh "Stargate_Part_C" within the maximum polygons limit (256). The partial hull will be used. Consider simplifying your mesh.
The referenced script (SpaceCraft.CleanGameObjectHierarchy) on this Behaviour is missing!
The referenced script (SpaceCraft.CleanGameObjectHierarchy) on this Behaviour is missing!
The referenced script (SpaceCraft.CleanGameObjectHierarchy) on this Behaviour is missing!
The referenced script (SpaceCraft.CleanGameObjectHierarchy) on this Behaviour is missing!
The referenced script (SpaceCraft.CleanGameObjectHierarchy) on this Behaviour is missing!
The referenced script (SpaceCraft.CleanGameObjectHierarchy) on this Behaviour is missing!
The referenced script (SpaceCraft.CleanGameObjectHierarchy) on this Behaviour is missing!
The referenced script (SpaceCraft.ReplaceMaterials) on this Behaviour is missing!
The referenced script (SpaceCraft.CleanGameObjectHierarchy) on this Behaviour is missing!
The referenced script (SpaceCraft.CleanGameObjectHierarchy) on this Behaviour is missing!
The referenced script (SpaceCraft.CleanGameObjectHierarchy) on this Behaviour is missing!
The referenced script (SpaceCraft.CleanGameObjectHierarchy) on this Behaviour is missing!
The referenced script (SpaceCraft.CleanGameObjectHierarchy) on this Behaviour is missing!
The referenced script (SpaceCraft.CleanGameObjectHierarchy) on this Behaviour is missing!
The referenced script (SpaceCraft.CleanGameObjectHierarchy) on this Behaviour is missing!
The referenced script (SpaceCraft.CleanGameObjectHierarchy) on this Behaviour is missing!
The referenced script on this Behaviour (Game Object 'Container') is missing!
The referenced script on this Behaviour (Game Object 'Container') is missing!
The referenced script on this Behaviour (Game Object 'Container') is missing!
The referenced script on this Behaviour (Game Object 'Container') is missing!
The referenced script on this Behaviour (Game Object 'Container') is missing!
The referenced script on this Behaviour (Game Object 'Container') is missing!
The referenced script on this Behaviour (Game Object 'Container') is missing!
The referenced script on this Behaviour (Game Object 'Container') is missing!
The referenced script on this Behaviour (Game Object '_Interior') is missing!
The referenced script on this Behaviour (Game Object 'Container') is missing!
The referenced script on this Behaviour (Game Object 'Container') is missing!
The referenced script on this Behaviour (Game Object 'Container') is missing!
The referenced script on this Behaviour (Game Object 'Container') is missing!
The referenced script on this Behaviour (Game Object 'Interior_block_bigRoom_01') is missing!
A scripted object (probably SpaceCraft.ReplaceMaterials?) has a different serialization layout when loading. (Read 32 bytes but expected 48 bytes)
Did you #if UNITY_EDITOR a section of your serialized properties in any of your scripts?
The referenced script on this Behaviour (Game Object 'Container') is missing!
The referenced script on this Behaviour (Game Object 'Container') is missing!
Couldn't create a Convex Mesh from source mesh "Escape_Pod_01" within the maximum polygons limit (256). The partial hull will be used. Consider simplifying your mesh.
UnloadTime: 0.866700 ms
Unloading 6 Unused Serialized files (Serialized files now loaded: 0)
UnloadTime: 12.319000 ms
Unloading 310 unused Assets to reduce memory usage. Loaded Objects now: 128713.
Total: 25.141100 ms (FindLiveObjects: 3.612900 ms CreateObjectMapping: 4.481000 ms MarkObjects: 16.849000 ms  DeleteObjects: 0.197900 ms)

[Info   :(Item) Rods] Added Iron
[Info   :(Item) Rods] Added Sulfur
[Info   :(Item) Rods] Added Titanium
[Info   :(Item) Rods] Added Silicon
[Info   :(Item) Rods] Added Cobalt
[Info   :(Item) Rods] Added Magnesium
[Info   :(Item) Rods] Added Aluminium
[Info   :(Item) Rods] Added Zeolite
[Info   :(Item) Rods] Unlocking Rod-iron
[Info   :(Item) Rods] Unlocking Rod-sulfur
[Info   :(Item) Rods] Unlocking Rod-titanium
[Info   :(Item) Rods] Unlocking Rod-silicon
[Info   :(Item) Rods] Unlocking Rod-cobalt
[Info   :(Item) Rods] Unlocking Rod-magnesium
[Info   :(Item) Rods] Unlocking Rod-aluminium
[Info   :(Item) Rods] Unlocking Rod-zeolite
Couldn't create a Convex Mesh from source mesh "ObsidianRocks4" within the maximum polygons limit (256). The partial hull will be used. Consider simplifying your mesh.
Unloading 14 Unused Serialized files (Serialized files now loaded: 0)
UnloadTime: 366.883900 ms
Unloading 1958 unused Assets to reduce memory usage. Loaded Objects now: 119522.
Total: 32.877600 ms (FindLiveObjects: 3.065000 ms CreateObjectMapping: 1.684500 ms MarkObjects: 19.098800 ms  DeleteObjects: 9.028800 ms)

Setting up 16 worker threads for Enlighten.
Memory Statistics:
[ALLOC_TEMP_TLS] TLS Allocator
  StackAllocators : 
    [ALLOC_TEMP_MAIN]
      Peak usage frame count: [4.0 KB-8.0 KB]: 566 frames, [16.0 KB-32.0 KB]: 9 frames, [32.0 KB-64.0 KB]: 1 frames, [64.0 KB-128.0 KB]: 6170 frames, [128.0 KB-256.0 KB]: 10200 frames, [256.0 KB-0.5 MB]: 29695 frames, [0.5 MB-1.0 MB]: 1122 frames, [1.0 MB-2.0 MB]: 700 frames, [2.0 MB-4.0 MB]: 2 frames, [4.0 MB-8.0 MB]: 2 frames
      Initial Block Size 4.0 MB
      Current Block Size 7.9 MB
      Peak Allocated Bytes 7.8 MB
      Overflow Count 48
    [ALLOC_TEMP_Job.worker 30]
      Initial Block Size 256.0 KB
      Current Block Size 256.0 KB
      Peak Allocated Bytes 127.2 KB
      Overflow Count 0
    [ALLOC_TEMP_Loading.PreloadManager]
      Initial Block Size 256.0 KB
      Current Block Size 0.5 MB
      Peak Allocated Bytes 507.3 KB
      Overflow Count 104068
    [ALLOC_TEMP_Background Job.worker 3]
      Initial Block Size 32.0 KB
      Current Block Size 32.0 KB
      Peak Allocated Bytes 48 B
      Overflow Count 0
    [ALLOC_TEMP_Background Job.worker 4]
      Initial Block Size 32.0 KB
      Current Block Size 32.0 KB
      Peak Allocated Bytes 48 B
      Overflow Count 0
    [ALLOC_TEMP_Job.worker 16]
      Initial Block Size 256.0 KB
      Current Block Size 256.0 KB
      Peak Allocated Bytes 97.3 KB
      Overflow Count 0
    [ALLOC_TEMP_Background Job.worker 7]
      Initial Block Size 32.0 KB
      Current Block Size 32.0 KB
      Peak Allocated Bytes 48 B
      Overflow Count 0
    [ALLOC_TEMP_Job.worker 27]
      Initial Block Size 256.0 KB
      Current Block Size 256.0 KB
      Peak Allocated Bytes 105.4 KB
      Overflow Count 0
    [ALLOC_TEMP_Background Job.worker 6]
      Initial Block Size 32.0 KB
      Current Block Size 32.0 KB
      Peak Allocated Bytes 48 B
      Overflow Count 0
    [ALLOC_TEMP_Job.worker 19]
      Initial Block Size 256.0 KB
      Current Block Size 256.0 KB
      Peak Allocated Bytes 103.3 KB
      Overflow Count 0
    [ALLOC_TEMP_Background Job.worker 12]
      Initial Block Size 32.0 KB
      Current Block Size 32.0 KB
      Peak Allocated Bytes 50 B
      Overflow Count 0
    [ALLOC_TEMP_Background Job.worker 2]
      Initial Block Size 32.0 KB
      Current Block Size 32.0 KB
      Peak Allocated Bytes 48 B
      Overflow Count 0
    [ALLOC_TEMP_Background Job.worker 10]
      Initial Block Size 32.0 KB
      Current Block Size 32.0 KB
      Peak Allocated Bytes 50 B
      Overflow Count 0
    [ALLOC_TEMP_Background Job.worker 11]
      Initial Block Size 32.0 KB
      Current Block Size 32.0 KB
      Peak Allocated Bytes 50 B
      Overflow Count 0
    [ALLOC_TEMP_Job.worker 5]
      Initial Block Size 256.0 KB
      Current Block Size 256.0 KB
      Peak Allocated Bytes 117.6 KB
      Overflow Count 0
    [ALLOC_TEMP_Job.worker 20]
      Initial Block Size 256.0 KB
      Current Block Size 256.0 KB
      Peak Allocated Bytes 97.9 KB
      Overflow Count 0
    [ALLOC_TEMP_Background Job.worker 15]
      Initial Block Size 32.0 KB
      Current Block Size 32.0 KB
      Peak Allocated Bytes 50 B
      Overflow Count 0
    [ALLOC_TEMP_Background Job.worker 8]
      Initial Block Size 32.0 KB
      Current Block Size 32.0 KB
      Peak Allocated Bytes 48 B
      Overflow Count 0
    [ALLOC_TEMP_Job.worker 23]
      Initial Block Size 256.0 KB
      Current Block Size 256.0 KB
      Peak Allocated Bytes 121.7 KB
      Overflow Count 0
    [ALLOC_TEMP_Background Job.worker 13]
      Initial Block Size 32.0 KB
      Current Block Size 32.0 KB
      Peak Allocated Bytes 50 B
      Overflow Count 0
    [ALLOC_TEMP_AssetGarbageCollectorHelper] x 31
      Initial Block Size 64.0 KB
      Current Block Size 64.0 KB
      Peak Allocated Bytes 56 B
      Overflow Count 0
    [ALLOC_TEMP_Background Job.worker 0]
      Initial Block Size 32.0 KB
      Current Block Size 32.0 KB
      Peak Allocated Bytes 48 B
      Overflow Count 0
    [ALLOC_TEMP_Job.worker 28]
      Initial Block Size 256.0 KB
      Current Block Size 256.0 KB
      Peak Allocated Bytes 117.4 KB
      Overflow Count 0
    [ALLOC_TEMP_Job.worker 6]
      Initial Block Size 256.0 KB
      Current Block Size 256.0 KB
      Peak Allocated Bytes 132.6 KB
      Overflow Count 0
    [ALLOC_TEMP_Job.worker 8]
      Initial Block Size 256.0 KB
      Current Block Size 256.0 KB
      Peak Allocated Bytes 98.0 KB
      Overflow Count 0
    [ALLOC_TEMP_HIDInput]
      Initial Block Size 64.0 KB
      Current Block Size 64.0 KB
      Peak Allocated Bytes 10.7 KB
      Overflow Count 0
    [ALLOC_TEMP_Background Job.worker 14]
      Initial Block Size 32.0 KB
      Current Block Size 32.0 KB
      Peak Allocated Bytes 50 B
      Overflow Count 0
    [ALLOC_TEMP_BatchDeleteObjects]
      Initial Block Size 64.0 KB
      Current Block Size 64.0 KB
      Peak Allocated Bytes 38 B
      Overflow Count 0
    [ALLOC_TEMP_Job.worker 26]
      Initial Block Size 256.0 KB
      Current Block Size 256.0 KB
      Peak Allocated Bytes 121.7 KB
      Overflow Count 0
    [ALLOC_TEMP_Job.worker 11]
      Initial Block Size 256.0 KB
      Current Block Size 256.0 KB
      Peak Allocated Bytes 85.1 KB
      Overflow Count 0
    [ALLOC_TEMP_Job.worker 15]
      Initial Block Size 256.0 KB
      Current Block Size 256.0 KB
      Peak Allocated Bytes 88.4 KB
      Overflow Count 0
    [ALLOC_TEMP_Background Job.worker 9]
      Initial Block Size 32.0 KB
      Current Block Size 32.0 KB
      Peak Allocated Bytes 48 B
      Overflow Count 0
    [ALLOC_TEMP_Job.worker 0]
      Initial Block Size 256.0 KB
      Current Block Size 256.0 KB
      Peak Allocated Bytes 146.2 KB
      Overflow Count 0
    [ALLOC_TEMP_Job.worker 14]
      Initial Block Size 256.0 KB
      Current Block Size 256.0 KB
      Peak Allocated Bytes 93.8 KB
      Overflow Count 0
    [ALLOC_TEMP_Job.worker 4]
      Initial Block Size 256.0 KB
      Current Block Size 256.0 KB
      Peak Allocated Bytes 157.7 KB
      Overflow Count 0
    [ALLOC_TEMP_Job.worker 13]
      Initial Block Size 256.0 KB
      Current Block Size 256.0 KB
      Peak Allocated Bytes 111.0 KB
      Overflow Count 0
    [ALLOC_TEMP_Background Job.worker 1]
      Initial Block Size 32.0 KB
      Current Block Size 32.0 KB
      Peak Allocated Bytes 48 B
      Overflow Count 0
    [ALLOC_TEMP_EnlightenWorker] x 16
      Initial Block Size 64.0 KB
      Current Block Size 64.0 KB
      Peak Allocated Bytes 0 B
      Overflow Count 0
    [ALLOC_TEMP_Job.worker 1]
      Initial Block Size 256.0 KB
      Current Block Size 256.0 KB
      Peak Allocated Bytes 154.5 KB
      Overflow Count 0
    [ALLOC_TEMP_Job.worker 21]
      Initial Block Size 256.0 KB
      Current Block Size 256.0 KB
      Peak Allocated Bytes 101.2 KB
      Overflow Count 0
    [ALLOC_TEMP_Job.worker 3]
      Initial Block Size 256.0 KB
      Current Block Size 256.0 KB
      Peak Allocated Bytes 129.8 KB
      Overflow Count 0
    [ALLOC_TEMP_Job.worker 25]
      Initial Block Size 256.0 KB
      Current Block Size 256.0 KB
      Peak Allocated Bytes 121.7 KB
      Overflow Count 0
    [ALLOC_TEMP_Background Job.worker 5]
      Initial Block Size 32.0 KB
      Current Block Size 32.0 KB
      Peak Allocated Bytes 48 B
      Overflow Count 0
    [ALLOC_TEMP_Job.worker 12]
      Initial Block Size 256.0 KB
      Current Block Size 256.0 KB
      Peak Allocated Bytes 87.9 KB
      Overflow Count 0
    [ALLOC_TEMP_UnityGfxDeviceWorker]
      Initial Block Size 256.0 KB
      Current Block Size 256.0 KB
      Peak Allocated Bytes 60.9 KB
      Overflow Count 0
    [ALLOC_TEMP_Job.worker 22]
      Initial Block Size 256.0 KB
      Current Block Size 256.0 KB
      Peak Allocated Bytes 107.4 KB
      Overflow Count 0
    [ALLOC_TEMP_Job.worker 2]
      Initial Block Size 256.0 KB
      Current Block Size 428.0 KB
      Peak Allocated Bytes 301.5 KB
      Overflow Count 0
    [ALLOC_TEMP_Job.worker 10]
      Initial Block Size 256.0 KB
      Current Block Size 256.0 KB
      Peak Allocated Bytes 96.0 KB
      Overflow Count 0
    [ALLOC_TEMP_Job.worker 7]
      Initial Block Size 256.0 KB
      Current Block Size 256.0 KB
      Peak Allocated Bytes 173.8 KB
      Overflow Count 0
    [ALLOC_TEMP_Job.worker 29]
      Initial Block Size 256.0 KB
      Current Block Size 256.0 KB
      Peak Allocated Bytes 121.7 KB
      Overflow Count 0
    [ALLOC_TEMP_Job.worker 17]
      Initial Block Size 256.0 KB
      Current Block Size 256.0 KB
      Peak Allocated Bytes 97.9 KB
      Overflow Count 0
    [ALLOC_TEMP_Job.worker 9]
      Initial Block Size 256.0 KB
      Current Block Size 256.0 KB
      Peak Allocated Bytes 84.1 KB
      Overflow Count 0
    [ALLOC_TEMP_Job.worker 18]
      Initial Block Size 256.0 KB
      Current Block Size 256.0 KB
      Peak Allocated Bytes 89.5 KB
      Overflow Count 0
    [ALLOC_TEMP_Job.worker 24]
      Initial Block Size 256.0 KB
      Current Block Size 256.0 KB
      Peak Allocated Bytes 127.5 KB
      Overflow Count 0
    [ALLOC_TEMP_Loading.AsyncRead]
      Initial Block Size 64.0 KB
      Current Block Size 64.0 KB
      Peak Allocated Bytes 390 B
      Overflow Count 0
[ALLOC_DEFAULT] Dual Thread Allocator
  Peak main deferred allocation count 28483
    [ALLOC_BUCKET]
      Large Block size 4.0 MB
      Used Block count 1
      Peak Allocated bytes 4.0 MB
      Failed Allocations. Bucket layout:
        16B: 73 Subsections = 74752 buckets. Failed count: 4614457
        32B: 19 Subsections = 9728 buckets. Failed count: 977612
        48B: 23 Subsections = 7850 buckets. Failed count: 14436630
        64B: 36 Subsections = 9216 buckets. Failed count: 218286
        80B: 33 Subsections = 6758 buckets. Failed count: 404180
        96B: 27 Subsections = 4608 buckets. Failed count: 1492476
        112B: 34 Subsections = 4973 buckets. Failed count: 550724
        128B: 11 Subsections = 1408 buckets. Failed count: 69038
    [ALLOC_DEFAULT_MAIN]
      Peak usage frame count: [32.0 MB-64.0 MB]: 475 frames, [64.0 MB-128.0 MB]: 107 frames, [256.0 MB-0.50 GB]: 47884 frames, [0.50 GB-1.00 GB]: 1 frames
      Requested Block Size 16.0 MB
      Peak Block count 27
      Peak Allocated memory 0.51 GB
      Peak Large allocation bytes 176.0 MB
    [ALLOC_DEFAULT_THREAD]
      Peak usage frame count: [64.0 MB-128.0 MB]: 581 frames, [128.0 MB-256.0 MB]: 47886 frames
      Requested Block Size 16.0 MB
      Peak Block count 8
      Peak Allocated memory 166.7 MB
      Peak Large allocation bytes 79.2 MB
[ALLOC_TEMP_JOB_1_FRAME]
  Initial Block Size 2.0 MB
  Used Block Count 1
  Overflow Count (too large) 0
  Overflow Count (full) 0
[ALLOC_TEMP_JOB_2_FRAMES]
  Initial Block Size 2.0 MB
  Used Block Count 0
  Overflow Count (too large) 0
  Overflow Count (full) 0
[ALLOC_TEMP_JOB_4_FRAMES (JobTemp)]
  Initial Block Size 2.0 MB
  Used Block Count 1
  Overflow Count (too large) 1
  Overflow Count (full) 0
[ALLOC_TEMP_JOB_ASYNC (Background)]
  Initial Block Size 1.0 MB
  Used Block Count 1
  Overflow Count (too large) 18
  Overflow Count (full) 0
[ALLOC_GFX] Dual Thread Allocator
  Peak main deferred allocation count 90
    [ALLOC_BUCKET]
      Large Block size 4.0 MB
      Used Block count 1
      Peak Allocated bytes 4.0 MB
      Failed Allocations. Bucket layout:
        16B: 73 Subsections = 74752 buckets. Failed count: 4614457
        32B: 19 Subsections = 9728 buckets. Failed count: 977612
        48B: 23 Subsections = 7850 buckets. Failed count: 14436630
        64B: 36 Subsections = 9216 buckets. Failed count: 218286
        80B: 33 Subsections = 6758 buckets. Failed count: 404180
        96B: 27 Subsections = 4608 buckets. Failed count: 1492476
        112B: 34 Subsections = 4973 buckets. Failed count: 550724
        128B: 11 Subsections = 1408 buckets. Failed count: 69038
    [ALLOC_GFX_MAIN]
      Peak usage frame count: [0.5 MB-1.0 MB]: 475 frames, [2.0 MB-4.0 MB]: 107 frames, [16.0 MB-32.0 MB]: 16293 frames, [32.0 MB-64.0 MB]: 31592 frames
      Requested Block Size 16.0 MB
      Peak Block count 2
      Peak Allocated memory 35.5 MB
      Peak Large allocation bytes 21.3 MB
    [ALLOC_GFX_THREAD]
      Peak usage frame count: [128.0 MB-256.0 MB]: 582 frames, [256.0 MB-0.50 GB]: 47885 frames
      Requested Block Size 16.0 MB
      Peak Block count 20
      Peak Allocated memory 308.1 MB
      Peak Large allocation bytes 0 B
[ALLOC_CACHEOBJECTS] Dual Thread Allocator
  Peak main deferred allocation count 1064
    [ALLOC_BUCKET]
      Large Block size 4.0 MB
      Used Block count 1
      Peak Allocated bytes 4.0 MB
      Failed Allocations. Bucket layout:
        16B: 73 Subsections = 74752 buckets. Failed count: 4614457
        32B: 19 Subsections = 9728 buckets. Failed count: 977612
        48B: 23 Subsections = 7850 buckets. Failed count: 14436630
        64B: 36 Subsections = 9216 buckets. Failed count: 218286
        80B: 33 Subsections = 6758 buckets. Failed count: 404180
        96B: 27 Subsections = 4608 buckets. Failed count: 1492476
        112B: 34 Subsections = 4973 buckets. Failed count: 550724
        128B: 11 Subsections = 1408 buckets. Failed count: 69038
    [ALLOC_CACHEOBJECTS_MAIN]
      Peak usage frame count: [32.0 MB-64.0 MB]: 48467 frames
      Requested Block Size 4.0 MB
      Peak Block count 11
      Peak Allocated memory 45.6 MB
      Peak Large allocation bytes 17.1 MB
    [ALLOC_CACHEOBJECTS_THREAD]
      Peak usage frame count: [256.0 MB-0.50 GB]: 48466 frames, [0.50 GB-1.00 GB]: 1 frames
      Requested Block Size 4.0 MB
      Peak Block count 118
      Peak Allocated memory 0.56 GB
      Peak Large allocation bytes 241.0 MB
[ALLOC_TYPETREE] Dual Thread Allocator
  Peak main deferred allocation count 0
    [ALLOC_BUCKET]
      Large Block size 4.0 MB
      Used Block count 1
      Peak Allocated bytes 4.0 MB
      Failed Allocations. Bucket layout:
        16B: 73 Subsections = 74752 buckets. Failed count: 4614457
        32B: 19 Subsections = 9728 buckets. Failed count: 977612
        48B: 23 Subsections = 7850 buckets. Failed count: 14436630
        64B: 36 Subsections = 9216 buckets. Failed count: 218286
        80B: 33 Subsections = 6758 buckets. Failed count: 404180
        96B: 27 Subsections = 4608 buckets. Failed count: 1492476
        112B: 34 Subsections = 4973 buckets. Failed count: 550724
        128B: 11 Subsections = 1408 buckets. Failed count: 69038
    [ALLOC_TYPETREE_MAIN]
      Peak usage frame count: [8.0 KB-16.0 KB]: 48467 frames
      Requested Block Size 2.0 MB
      Peak Block count 1
      Peak Allocated memory 10.8 KB
      Peak Large allocation bytes 0 B
    [ALLOC_TYPETREE_THREAD]
      Peak usage frame count: [32.0 KB-64.0 KB]: 48467 frames
      Requested Block Size 2.0 MB
      Peak Block count 1
      Peak Allocated memory 47.3 KB
      Peak Large allocation bytes 0 B
