Mono path[0] = 'Z:/home/blackal/mnt/Data/LinuxSteamLibrary/steamapps/common/The Planet Crafter/Planet Crafter_Data/Managed'
Mono config path = 'Z:/home/blackal/mnt/Data/LinuxSteamLibrary/steamapps/common/The Planet Crafter/MonoBleedingEdge/etc'
[Physics::Module] Initialized MultithreadedJobDispatcher with 31 workers.
Initialize engine version: 2023.2.19f1 (95c298372b1e)
[Subsystems] Discovering subsystems at path Z:/home/blackal/mnt/Data/LinuxSteamLibrary/steamapps/common/The Planet Crafter/Planet Crafter_Data/UnitySubsystems
kGfxThreadingModeSplitJobs is not supported on Direct3D 11. Reverting to kGfxThreadingModeClientWorkerJobs instead.
GfxDevice: creating device client; kGfxThreadingModeClientWorkerJobs
Direct3D:
    Version:  Direct3D 11.0 [level 11.1]
    Renderer: NVIDIA GeForce RTX 4090 (ID=0x2684)
    Vendor:   NVIDIA
    VRAM:     24564 MB
    Driver:   31.0.21902.5
Begin MonoManager ReloadAssembly
- Loaded All Assemblies, in  0.126 seconds
- Finished resetting the current domain, in  0.002 seconds
<RI> Initializing input.
New input system (experimental) initialized
Using Windows.Gaming.Input
<RI> Initialized touch support.
Couldn't create a Convex Mesh from source mesh "Hemisphere_01" within the maximum polygons limit (256). The partial hull will be used. Consider simplifying your mesh.
Couldn't create a Convex Mesh from source mesh "Biodome_02" within the maximum polygons limit (256). The partial hull will be used. Consider simplifying your mesh.
Couldn't create a Convex Mesh from source mesh "Reactor_05_Back" within the maximum polygons limit (256). The partial hull will be used. Consider simplifying your mesh.
Couldn't create a Convex Mesh from source mesh "Stargate_Part_C" within the maximum polygons limit (256). The partial hull will be used. Consider simplifying your mesh.
The referenced script (SpaceCraft.CleanGameObjectHierarchy) on this Behaviour is missing!
The referenced script (SpaceCraft.CleanGameObjectHierarchy) on this Behaviour is missing!
The referenced script (SpaceCraft.CleanGameObjectHierarchy) on this Behaviour is missing!
The referenced script (SpaceCraft.CleanGameObjectHierarchy) on this Behaviour is missing!
The referenced script (SpaceCraft.CleanGameObjectHierarchy) on this Behaviour is missing!
The referenced script (SpaceCraft.CleanGameObjectHierarchy) on this Behaviour is missing!
The referenced script (SpaceCraft.CleanGameObjectHierarchy) on this Behaviour is missing!
The referenced script (SpaceCraft.ReplaceMaterials) on this Behaviour is missing!
The referenced script (SpaceCraft.CleanGameObjectHierarchy) on this Behaviour is missing!
The referenced script (SpaceCraft.CleanGameObjectHierarchy) on this Behaviour is missing!
The referenced script (SpaceCraft.CleanGameObjectHierarchy) on this Behaviour is missing!
The referenced script (SpaceCraft.CleanGameObjectHierarchy) on this Behaviour is missing!
The referenced script (SpaceCraft.CleanGameObjectHierarchy) on this Behaviour is missing!
The referenced script (SpaceCraft.CleanGameObjectHierarchy) on this Behaviour is missing!
The referenced script (SpaceCraft.CleanGameObjectHierarchy) on this Behaviour is missing!
The referenced script (SpaceCraft.CleanGameObjectHierarchy) on this Behaviour is missing!
The referenced script on this Behaviour (Game Object 'Container') is missing!
The referenced script on this Behaviour (Game Object 'Container') is missing!
The referenced script on this Behaviour (Game Object 'Container') is missing!
The referenced script on this Behaviour (Game Object 'Container') is missing!
The referenced script on this Behaviour (Game Object 'Container') is missing!
The referenced script on this Behaviour (Game Object 'Container') is missing!
The referenced script on this Behaviour (Game Object 'Container') is missing!
The referenced script on this Behaviour (Game Object 'Container') is missing!
The referenced script on this Behaviour (Game Object '_Interior') is missing!
The referenced script on this Behaviour (Game Object 'Container') is missing!
The referenced script on this Behaviour (Game Object 'Container') is missing!
The referenced script on this Behaviour (Game Object 'Container') is missing!
The referenced script on this Behaviour (Game Object 'Container') is missing!
The referenced script on this Behaviour (Game Object 'Interior_block_bigRoom_01') is missing!
A scripted object (probably SpaceCraft.ReplaceMaterials?) has a different serialization layout when loading. (Read 32 bytes but expected 48 bytes)
Did you #if UNITY_EDITOR a section of your serialized properties in any of your scripts?
The referenced script on this Behaviour (Game Object 'Container') is missing!
The referenced script on this Behaviour (Game Object 'Container') is missing!
Couldn't create a Convex Mesh from source mesh "Escape_Pod_01" within the maximum polygons limit (256). The partial hull will be used. Consider simplifying your mesh.
UnloadTime: 0.760000 ms
Setting up 16 worker threads for Enlighten.
Memory Statistics:
[ALLOC_TEMP_TLS] TLS Allocator
  StackAllocators : 
    [ALLOC_TEMP_MAIN]
      Peak usage frame count: [4.0 KB-8.0 KB]: 3208 frames, [8.0 KB-16.0 KB]: 7 frames, [16.0 KB-32.0 KB]: 14 frames, [32.0 KB-64.0 KB]: 1 frames, [128.0 KB-256.0 KB]: 5 frames, [2.0 MB-4.0 MB]: 1 frames
      Initial Block Size 4.0 MB
      Current Block Size 4.0 MB
      Peak Allocated Bytes 2.3 MB
      Overflow Count 0
    [ALLOC_TEMP_Job.worker 30]
      Initial Block Size 256.0 KB
      Current Block Size 256.0 KB
      Peak Allocated Bytes 24.6 KB
      Overflow Count 0
    [ALLOC_TEMP_Loading.PreloadManager]
      Initial Block Size 256.0 KB
      Current Block Size 488.0 KB
      Peak Allocated Bytes 378.6 KB
      Overflow Count 58
    [ALLOC_TEMP_Background Job.worker 3]
      Initial Block Size 32.0 KB
      Current Block Size 32.0 KB
      Peak Allocated Bytes 48 B
      Overflow Count 0
    [ALLOC_TEMP_Background Job.worker 4]
      Initial Block Size 32.0 KB
      Current Block Size 32.0 KB
      Peak Allocated Bytes 48 B
      Overflow Count 0
    [ALLOC_TEMP_Job.worker 16]
      Initial Block Size 256.0 KB
      Current Block Size 256.0 KB
      Peak Allocated Bytes 24.6 KB
      Overflow Count 0
    [ALLOC_TEMP_Background Job.worker 7]
      Initial Block Size 32.0 KB
      Current Block Size 32.0 KB
      Peak Allocated Bytes 48 B
      Overflow Count 0
    [ALLOC_TEMP_Job.worker 27]
      Initial Block Size 256.0 KB
      Current Block Size 256.0 KB
      Peak Allocated Bytes 24.6 KB
      Overflow Count 0
    [ALLOC_TEMP_Background Job.worker 6]
      Initial Block Size 32.0 KB
      Current Block Size 32.0 KB
      Peak Allocated Bytes 48 B
      Overflow Count 0
    [ALLOC_TEMP_Job.worker 19]
      Initial Block Size 256.0 KB
      Current Block Size 256.0 KB
      Peak Allocated Bytes 5.1 KB
      Overflow Count 0
    [ALLOC_TEMP_Background Job.worker 12]
      Initial Block Size 32.0 KB
      Current Block Size 32.0 KB
      Peak Allocated Bytes 50 B
      Overflow Count 0
    [ALLOC_TEMP_Background Job.worker 2]
      Initial Block Size 32.0 KB
      Current Block Size 32.0 KB
      Peak Allocated Bytes 48 B
      Overflow Count 0
    [ALLOC_TEMP_Background Job.worker 10]
      Initial Block Size 32.0 KB
      Current Block Size 32.0 KB
      Peak Allocated Bytes 50 B
      Overflow Count 0
    [ALLOC_TEMP_Background Job.worker 11]
      Initial Block Size 32.0 KB
      Current Block Size 32.0 KB
      Peak Allocated Bytes 50 B
      Overflow Count 0
    [ALLOC_TEMP_Job.worker 5]
      Initial Block Size 256.0 KB
      Current Block Size 256.0 KB
      Peak Allocated Bytes 24.6 KB
      Overflow Count 0
    [ALLOC_TEMP_Job.worker 20]
      Initial Block Size 256.0 KB
      Current Block Size 256.0 KB
      Peak Allocated Bytes 5.8 KB
      Overflow Count 0
    [ALLOC_TEMP_Background Job.worker 15]
      Initial Block Size 32.0 KB
      Current Block Size 32.0 KB
      Peak Allocated Bytes 50 B
      Overflow Count 0
    [ALLOC_TEMP_Background Job.worker 8]
      Initial Block Size 32.0 KB
      Current Block Size 32.0 KB
      Peak Allocated Bytes 48 B
      Overflow Count 0
    [ALLOC_TEMP_Job.worker 23]
      Initial Block Size 256.0 KB
      Current Block Size 256.0 KB
      Peak Allocated Bytes 5.8 KB
      Overflow Count 0
    [ALLOC_TEMP_Background Job.worker 13]
      Initial Block Size 32.0 KB
      Current Block Size 32.0 KB
      Peak Allocated Bytes 50 B
      Overflow Count 0
    [ALLOC_TEMP_AssetGarbageCollectorHelper] x 31
      Initial Block Size 64.0 KB
      Current Block Size 64.0 KB
      Peak Allocated Bytes 56 B
      Overflow Count 0
    [ALLOC_TEMP_Background Job.worker 0]
      Initial Block Size 32.0 KB
      Current Block Size 32.0 KB
      Peak Allocated Bytes 48 B
      Overflow Count 0
    [ALLOC_TEMP_Job.worker 28]
      Initial Block Size 256.0 KB
      Current Block Size 256.0 KB
      Peak Allocated Bytes 5.8 KB
      Overflow Count 0
    [ALLOC_TEMP_Job.worker 6]
      Initial Block Size 256.0 KB
      Current Block Size 256.0 KB
      Peak Allocated Bytes 24.6 KB
      Overflow Count 0
    [ALLOC_TEMP_Job.worker 8]
      Initial Block Size 256.0 KB
      Current Block Size 256.0 KB
      Peak Allocated Bytes 39.2 KB
      Overflow Count 0
    [ALLOC_TEMP_HIDInput]
      Initial Block Size 64.0 KB
      Current Block Size 64.0 KB
      Peak Allocated Bytes 10.7 KB
      Overflow Count 0
    [ALLOC_TEMP_Background Job.worker 14]
      Initial Block Size 32.0 KB
      Current Block Size 32.0 KB
      Peak Allocated Bytes 50 B
      Overflow Count 0
    [ALLOC_TEMP_BatchDeleteObjects]
      Initial Block Size 64.0 KB
      Current Block Size 64.0 KB
      Peak Allocated Bytes 38 B
      Overflow Count 0
    [ALLOC_TEMP_Job.worker 26]
      Initial Block Size 256.0 KB
      Current Block Size 256.0 KB
      Peak Allocated Bytes 5.1 KB
      Overflow Count 0
    [ALLOC_TEMP_Job.worker 11]
      Initial Block Size 256.0 KB
      Current Block Size 256.0 KB
      Peak Allocated Bytes 5.3 KB
      Overflow Count 0
    [ALLOC_TEMP_Job.worker 15]
      Initial Block Size 256.0 KB
      Current Block Size 256.0 KB
      Peak Allocated Bytes 26.4 KB
      Overflow Count 0
    [ALLOC_TEMP_Background Job.worker 9]
      Initial Block Size 32.0 KB
      Current Block Size 32.0 KB
      Peak Allocated Bytes 48 B
      Overflow Count 0
    [ALLOC_TEMP_Job.worker 0]
      Initial Block Size 256.0 KB
      Current Block Size 256.0 KB
      Peak Allocated Bytes 5.8 KB
      Overflow Count 0
    [ALLOC_TEMP_Job.worker 4]
      Initial Block Size 256.0 KB
      Current Block Size 428.0 KB
      Peak Allocated Bytes 301.5 KB
      Overflow Count 0
    [ALLOC_TEMP_Job.worker 14]
      Initial Block Size 256.0 KB
      Current Block Size 256.0 KB
      Peak Allocated Bytes 6.6 KB
      Overflow Count 0
    [ALLOC_TEMP_Job.worker 13]
      Initial Block Size 256.0 KB
      Current Block Size 256.0 KB
      Peak Allocated Bytes 24.6 KB
      Overflow Count 0
    [ALLOC_TEMP_Background Job.worker 1]
      Initial Block Size 32.0 KB
      Current Block Size 32.0 KB
      Peak Allocated Bytes 48 B
      Overflow Count 0
    [ALLOC_TEMP_EnlightenWorker] x 16
      Initial Block Size 64.0 KB
      Current Block Size 64.0 KB
      Peak Allocated Bytes 0 B
      Overflow Count 0
    [ALLOC_TEMP_Job.worker 1]
      Initial Block Size 256.0 KB
      Current Block Size 256.0 KB
      Peak Allocated Bytes 24.6 KB
      Overflow Count 0
    [ALLOC_TEMP_Job.worker 21]
      Initial Block Size 256.0 KB
      Current Block Size 256.0 KB
      Peak Allocated Bytes 24.6 KB
      Overflow Count 0
    [ALLOC_TEMP_Job.worker 3]
      Initial Block Size 256.0 KB
      Current Block Size 256.0 KB
      Peak Allocated Bytes 39.8 KB
      Overflow Count 0
    [ALLOC_TEMP_Background Job.worker 5]
      Initial Block Size 32.0 KB
      Current Block Size 32.0 KB
      Peak Allocated Bytes 48 B
      Overflow Count 0
    [ALLOC_TEMP_Job.worker 12]
      Initial Block Size 256.0 KB
      Current Block Size 256.0 KB
      Peak Allocated Bytes 5.3 KB
      Overflow Count 0
    [ALLOC_TEMP_UnityGfxDeviceWorker]
      Initial Block Size 256.0 KB
      Current Block Size 256.0 KB
      Peak Allocated Bytes 43.3 KB
      Overflow Count 0
    [ALLOC_TEMP_Job.worker 22]
      Initial Block Size 256.0 KB
      Current Block Size 256.0 KB
      Peak Allocated Bytes 5.1 KB
      Overflow Count 0
    [ALLOC_TEMP_Job.worker 25]
      Initial Block Size 256.0 KB
      Current Block Size 256.0 KB
      Peak Allocated Bytes 5.8 KB
      Overflow Count 0
    [ALLOC_TEMP_Job.worker 2]
      Initial Block Size 256.0 KB
      Current Block Size 280.0 KB
      Peak Allocated Bytes 186.8 KB
      Overflow Count 0
    [ALLOC_TEMP_Job.worker 10]
      Initial Block Size 256.0 KB
      Current Block Size 256.0 KB
      Peak Allocated Bytes 5.1 KB
      Overflow Count 0
    [ALLOC_TEMP_Job.worker 7]
      Initial Block Size 256.0 KB
      Current Block Size 256.0 KB
      Peak Allocated Bytes 24.6 KB
      Overflow Count 0
    [ALLOC_TEMP_Job.worker 29]
      Initial Block Size 256.0 KB
      Current Block Size 256.0 KB
      Peak Allocated Bytes 5.8 KB
      Overflow Count 0
    [ALLOC_TEMP_Job.worker 17]
      Initial Block Size 256.0 KB
      Current Block Size 256.0 KB
      Peak Allocated Bytes 5.8 KB
      Overflow Count 0
    [ALLOC_TEMP_Job.worker 9]
      Initial Block Size 256.0 KB
      Current Block Size 256.0 KB
      Peak Allocated Bytes 5.3 KB
      Overflow Count 0
    [ALLOC_TEMP_Job.worker 18]
      Initial Block Size 256.0 KB
      Current Block Size 256.0 KB
      Peak Allocated Bytes 5.1 KB
      Overflow Count 0
    [ALLOC_TEMP_Job.worker 24]
      Initial Block Size 256.0 KB
      Current Block Size 256.0 KB
      Peak Allocated Bytes 5.8 KB
      Overflow Count 0
    [ALLOC_TEMP_Loading.AsyncRead]
      Initial Block Size 64.0 KB
      Current Block Size 64.0 KB
      Peak Allocated Bytes 390 B
      Overflow Count 0
[ALLOC_DEFAULT] Dual Thread Allocator
  Peak main deferred allocation count 954
    [ALLOC_BUCKET]
      Large Block size 4.0 MB
      Used Block count 1
      Peak Allocated bytes 4.0 MB
      Failed Allocations. Bucket layout:
        16B: 73 Subsections = 74752 buckets. Failed count: 269147
        32B: 18 Subsections = 9216 buckets. Failed count: 141454
        48B: 24 Subsections = 8192 buckets. Failed count: 101395
        64B: 36 Subsections = 9216 buckets. Failed count: 36400
        80B: 33 Subsections = 6758 buckets. Failed count: 35974
        96B: 27 Subsections = 4608 buckets. Failed count: 40441
        112B: 34 Subsections = 4973 buckets. Failed count: 43263
        128B: 11 Subsections = 1408 buckets. Failed count: 8890
    [ALLOC_DEFAULT_MAIN]
      Peak usage frame count: [32.0 MB-64.0 MB]: 3236 frames
      Requested Block Size 16.0 MB
      Peak Block count 3
      Peak Allocated memory 47.5 MB
      Peak Large allocation bytes 8.0 MB
    [ALLOC_DEFAULT_THREAD]
      Peak usage frame count: [64.0 MB-128.0 MB]: 3235 frames, [128.0 MB-256.0 MB]: 1 frames
      Requested Block Size 16.0 MB
      Peak Block count 4
      Peak Allocated memory 128.2 MB
      Peak Large allocation bytes 77.9 MB
[ALLOC_TEMP_JOB_1_FRAME]
  Initial Block Size 2.0 MB
  Used Block Count 0
  Overflow Count (too large) 0
  Overflow Count (full) 0
[ALLOC_TEMP_JOB_2_FRAMES]
  Initial Block Size 2.0 MB
  Used Block Count 0
  Overflow Count (too large) 0
  Overflow Count (full) 0
[ALLOC_TEMP_JOB_4_FRAMES (JobTemp)]
  Initial Block Size 2.0 MB
  Used Block Count 1
  Overflow Count (too large) 0
  Overflow Count (full) 0
[ALLOC_TEMP_JOB_ASYNC (Background)]
  Initial Block Size 1.0 MB
  Used Block Count 1
  Overflow Count (too large) 18
  Overflow Count (full) 0
[ALLOC_GFX] Dual Thread Allocator
  Peak main deferred allocation count 4
    [ALLOC_BUCKET]
      Large Block size 4.0 MB
      Used Block count 1
      Peak Allocated bytes 4.0 MB
      Failed Allocations. Bucket layout:
        16B: 73 Subsections = 74752 buckets. Failed count: 269147
        32B: 18 Subsections = 9216 buckets. Failed count: 141454
        48B: 24 Subsections = 8192 buckets. Failed count: 101395
        64B: 36 Subsections = 9216 buckets. Failed count: 36400
        80B: 33 Subsections = 6758 buckets. Failed count: 35974
        96B: 27 Subsections = 4608 buckets. Failed count: 40441
        112B: 34 Subsections = 4973 buckets. Failed count: 43263
        128B: 11 Subsections = 1408 buckets. Failed count: 8890
    [ALLOC_GFX_MAIN]
      Peak usage frame count: [128.0 KB-256.0 KB]: 427 frames, [256.0 KB-0.5 MB]: 2809 frames
      Requested Block Size 16.0 MB
      Peak Block count 1
      Peak Allocated memory 441.5 KB
      Peak Large allocation bytes 0 B
    [ALLOC_GFX_THREAD]
      Peak usage frame count: [128.0 MB-256.0 MB]: 3236 frames
      Requested Block Size 16.0 MB
      Peak Block count 10
      Peak Allocated memory 148.9 MB
      Peak Large allocation bytes 0 B
[ALLOC_CACHEOBJECTS] Dual Thread Allocator
  Peak main deferred allocation count 2
    [ALLOC_BUCKET]
      Large Block size 4.0 MB
      Used Block count 1
      Peak Allocated bytes 4.0 MB
      Failed Allocations. Bucket layout:
        16B: 73 Subsections = 74752 buckets. Failed count: 269147
        32B: 18 Subsections = 9216 buckets. Failed count: 141454
        48B: 24 Subsections = 8192 buckets. Failed count: 101395
        64B: 36 Subsections = 9216 buckets. Failed count: 36400
        80B: 33 Subsections = 6758 buckets. Failed count: 35974
        96B: 27 Subsections = 4608 buckets. Failed count: 40441
        112B: 34 Subsections = 4973 buckets. Failed count: 43263
        128B: 11 Subsections = 1408 buckets. Failed count: 8890
    [ALLOC_CACHEOBJECTS_MAIN]
      Peak usage frame count: [32.0 MB-64.0 MB]: 3236 frames
      Requested Block Size 4.0 MB
      Peak Block count 10
      Peak Allocated memory 38.9 MB
      Peak Large allocation bytes 17.1 MB
    [ALLOC_CACHEOBJECTS_THREAD]
      Peak usage frame count: [256.0 MB-0.50 GB]: 3235 frames, [0.50 GB-1.00 GB]: 1 frames
      Requested Block Size 4.0 MB
      Peak Block count 88
      Peak Allocated memory 0.56 GB
      Peak Large allocation bytes 241.0 MB
[ALLOC_TYPETREE] Dual Thread Allocator
  Peak main deferred allocation count 0
    [ALLOC_BUCKET]
      Large Block size 4.0 MB
      Used Block count 1
      Peak Allocated bytes 4.0 MB
      Failed Allocations. Bucket layout:
        16B: 73 Subsections = 74752 buckets. Failed count: 269147
        32B: 18 Subsections = 9216 buckets. Failed count: 141454
        48B: 24 Subsections = 8192 buckets. Failed count: 101395
        64B: 36 Subsections = 9216 buckets. Failed count: 36400
        80B: 33 Subsections = 6758 buckets. Failed count: 35974
        96B: 27 Subsections = 4608 buckets. Failed count: 40441
        112B: 34 Subsections = 4973 buckets. Failed count: 43263
        128B: 11 Subsections = 1408 buckets. Failed count: 8890
    [ALLOC_TYPETREE_MAIN]
      Peak usage frame count: [8.0 KB-16.0 KB]: 3236 frames
      Requested Block Size 2.0 MB
      Peak Block count 1
      Peak Allocated memory 10.8 KB
      Peak Large allocation bytes 0 B
    [ALLOC_TYPETREE_THREAD]
      Peak usage frame count: [32.0 KB-64.0 KB]: 3236 frames
      Requested Block Size 2.0 MB
      Peak Block count 1
      Peak Allocated memory 47.3 KB
      Peak Large allocation bytes 0 B
